# JRE version: OpenJDK Runtime Environment (8.0_152-b01) (build 1.8.0_152-release-1248-b01)
# Java VM: OpenJDK 64-Bit Server VM (25.152-b01 mixed mode windows-amd64 compressed oops)
Heap:
 PSYoungGen      total 459776K, used 371910K [0x00000000e0000000, 0x00000000ffe80000, 0x0000000100000000)
  eden space 396288K, 91% used [0x00000000e0000000,0x00000000f6377510,0x00000000f8300000)
  from space 63488K, 12% used [0x00000000f8300000,0x00000000f8aba528,0x00000000fc100000)
  to   space 62464K, 0% used [0x00000000fc180000,0x00000000fc180000,0x00000000ffe80000)
 ParOldGen       total 215040K, used 113525K [0x00000000a0000000, 0x00000000ad200000, 0x00000000e0000000)
  object space 215040K, 52% used [0x00000000a0000000,0x00000000a6edd690,0x00000000ad200000)
 Metaspace       used 136795K, capacity 146713K, committed 146944K, reserved 1177600K
  class space    used 17115K, capacity 18867K, committed 18944K, reserved 1048576K
GC Heap History (10 events):
Event: 917.698 GC heap before
{Heap before GC invocations=51 (full 4):
 PSYoungGen      total 454656K, used 423843K [0x00000000e0000000, 0x00000000ffa80000, 0x0000000100000000)
  eden space 390144K, 100% used [0x00000000e0000000,0x00000000f7d00000,0x00000000f7d00000)
  from space 64512K, 52% used [0x00000000fbb80000,0x00000000fdc68f80,0x00000000ffa80000)
  to   space 64000K, 0% used [0x00000000f7d00000,0x00000000f7d00000,0x00000000fbb80000)
 ParOldGen       total 215040K, used 84975K [0x00000000a0000000, 0x00000000ad200000, 0x00000000e0000000)
  object space 215040K, 39% used [0x00000000a0000000,0x00000000a52fbdd0,0x00000000ad200000)
 Metaspace       used 135967K, capacity 145803K, committed 146048K, reserved 1177600K
  class space    used 17047K, capacity 18764K, committed 18816K, reserved 1048576K
Event: 917.740 GC heap after
Heap after GC invocations=51 (full 4):
 PSYoungGen      total 454144K, used 13704K [0x00000000e0000000, 0x00000000fff80000, 0x0000000100000000)
  eden space 390144K, 0% used [0x00000000e0000000,0x00000000e0000000,0x00000000f7d00000)
  from space 64000K, 21% used [0x00000000f7d00000,0x00000000f8a620d0,0x00000000fbb80000)
  to   space 64000K, 0% used [0x00000000fc100000,0x00000000fc100000,0x00000000fff80000)
 ParOldGen       total 215040K, used 103424K [0x00000000a0000000, 0x00000000ad200000, 0x00000000e0000000)
  object space 215040K, 48% used [0x00000000a0000000,0x00000000a6500120,0x00000000ad200000)
 Metaspace       used 135967K, capacity 145803K, committed 146048K, reserved 1177600K
  class space    used 17047K, capacity 18764K, committed 18816K, reserved 1048576K
}
Event: 918.326 GC heap before
{Heap before GC invocations=52 (full 4):
 PSYoungGen      total 454144K, used 403848K [0x00000000e0000000, 0x00000000fff80000, 0x0000000100000000)
  eden space 390144K, 100% used [0x00000000e0000000,0x00000000f7d00000,0x00000000f7d00000)
  from space 64000K, 21% used [0x00000000f7d00000,0x00000000f8a620d0,0x00000000fbb80000)
  to   space 64000K, 0% used [0x00000000fc100000,0x00000000fc100000,0x00000000fff80000)
 ParOldGen       total 215040K, used 103424K [0x00000000a0000000, 0x00000000ad200000, 0x00000000e0000000)
  object space 215040K, 48% used [0x00000000a0000000,0x00000000a6500120,0x00000000ad200000)
 Metaspace       used 135984K, capacity 145803K, committed 146048K, reserved 1177600K
  class space    used 17047K, capacity 18764K, committed 18816K, reserved 1048576K
Event: 918.353 GC heap after
Heap after GC invocations=52 (full 4):
 PSYoungGen      total 459776K, used 11252K [0x00000000e0000000, 0x0000000100000000, 0x0000000100000000)
  eden space 395776K, 0% used [0x00000000e0000000,0x00000000e0000000,0x00000000f8280000)
  from space 64000K, 17% used [0x00000000fc100000,0x00000000fcbfd0d0,0x00000000fff80000)
  to   space 64000K, 0% used [0x00000000f8280000,0x00000000f8280000,0x00000000fc100000)
 ParOldGen       total 215040K, used 110884K [0x00000000a0000000, 0x00000000ad200000, 0x00000000e0000000)
  object space 215040K, 51% used [0x00000000a0000000,0x00000000a6c49160,0x00000000ad200000)
 Metaspace       used 135984K, capacity 145803K, committed 146048K, reserved 1177600K
  class space    used 17047K, capacity 18764K, committed 18816K, reserved 1048576K
}
Event: 918.919 GC heap before
{Heap before GC invocations=53 (full 4):
 PSYoungGen      total 459776K, used 407028K [0x00000000e0000000, 0x0000000100000000, 0x0000000100000000)
  eden space 395776K, 100% used [0x00000000e0000000,0x00000000f8280000,0x00000000f8280000)
  from space 64000K, 17% used [0x00000000fc100000,0x00000000fcbfd0d0,0x00000000fff80000)
  to   space 64000K, 0% used [0x00000000f8280000,0x00000000f8280000,0x00000000fc100000)
 ParOldGen       total 215040K, used 110884K [0x00000000a0000000, 0x00000000ad200000, 0x00000000e0000000)
  object space 215040K, 51% used [0x00000000a0000000,0x00000000a6c49160,0x00000000ad200000)
 Metaspace       used 136055K, capacity 145867K, committed 146048K, reserved 1177600K
  class space    used 17047K, capacity 18764K, committed 18816K, reserved 1048576K
Event: 918.935 GC heap after
Heap after GC invocations=53 (full 4):
 PSYoungGen      total 459776K, used 7296K [0x00000000e0000000, 0x0000000100000000, 0x0000000100000000)
  eden space 395776K, 0% used [0x00000000e0000000,0x00000000e0000000,0x00000000f8280000)
  from space 64000K, 11% used [0x00000000f8280000,0x00000000f89a00e8,0x00000000fc100000)
  to   space 64000K, 0% used [0x00000000fc180000,0x00000000fc180000,0x0000000100000000)
 ParOldGen       total 215040K, used 113333K [0x00000000a0000000, 0x00000000ad200000, 0x00000000e0000000)
  object space 215040K, 52% used [0x00000000a0000000,0x00000000a6ead690,0x00000000ad200000)
 Metaspace       used 136055K, capacity 145867K, committed 146048K, reserved 1177600K
  class space    used 17047K, capacity 18764K, committed 18816K, reserved 1048576K
}
Event: 919.999 GC heap before
{Heap before GC invocations=54 (full 4):
 PSYoungGen      total 459776K, used 403072K [0x00000000e0000000, 0x0000000100000000, 0x0000000100000000)
  eden space 395776K, 100% used [0x00000000e0000000,0x00000000f8280000,0x00000000f8280000)
  from space 64000K, 11% used [0x00000000f8280000,0x00000000f89a00e8,0x00000000fc100000)
  to   space 64000K, 0% used [0x00000000fc180000,0x00000000fc180000,0x0000000100000000)
 ParOldGen       total 215040K, used 113333K [0x00000000a0000000, 0x00000000ad200000, 0x00000000e0000000)
  object space 215040K, 52% used [0x00000000a0000000,0x00000000a6ead690,0x00000000ad200000)
 Metaspace       used 136147K, capacity 145981K, committed 146048K, reserved 1177600K
  class space    used 17053K, capacity 18799K, committed 18816K, reserved 1048576K
Event: 920.011 GC heap after
Heap after GC invocations=54 (full 4):
 PSYoungGen      total 459264K, used 8000K [0x00000000e0000000, 0x00000000fff00000, 0x0000000100000000)
  eden space 396288K, 0% used [0x00000000e0000000,0x00000000e0000000,0x00000000f8300000)
  from space 62976K, 12% used [0x00000000fc180000,0x00000000fc9500c0,0x00000000fff00000)
  to   space 63488K, 0% used [0x00000000f8300000,0x00000000f8300000,0x00000000fc100000)
 ParOldGen       total 215040K, used 113493K [0x00000000a0000000, 0x00000000ad200000, 0x00000000e0000000)
  object space 215040K, 52% used [0x00000000a0000000,0x00000000a6ed5690,0x00000000ad200000)
 Metaspace       used 136147K, capacity 145981K, committed 146048K, reserved 1177600K
  class space    used 17053K, capacity 18799K, committed 18816K, reserved 1048576K
}
Event: 922.496 GC heap before
{Heap before GC invocations=55 (full 4):
 PSYoungGen      total 459264K, used 404288K [0x00000000e0000000, 0x00000000fff00000, 0x0000000100000000)
  eden space 396288K, 100% used [0x00000000e0000000,0x00000000f8300000,0x00000000f8300000)
  from space 62976K, 12% used [0x00000000fc180000,0x00000000fc9500c0,0x00000000fff00000)
  to   space 63488K, 0% used [0x00000000f8300000,0x00000000f8300000,0x00000000fc100000)
 ParOldGen       total 215040K, used 113493K [0x00000000a0000000, 0x00000000ad200000, 0x00000000e0000000)
  object space 215040K, 52% used [0x00000000a0000000,0x00000000a6ed5690,0x00000000ad200000)
 Metaspace       used 136179K, capacity 146045K, committed 146304K, reserved 1177600K
  class space    used 17054K, capacity 18799K, committed 18816K, reserved 1048576K
Event: 922.504 GC heap after
Heap after GC invocations=55 (full 4):
 PSYoungGen      total 459776K, used 7913K [0x00000000e0000000, 0x00000000ffe80000, 0x0000000100000000)
  eden space 396288K, 0% used [0x00000000e0000000,0x00000000e0000000,0x00000000f8300000)
  from space 63488K, 12% used [0x00000000f8300000,0x00000000f8aba528,0x00000000fc100000)
  to   space 62464K, 0% used [0x00000000fc180000,0x00000000fc180000,0x00000000ffe80000)
 ParOldGen       total 215040K, used 113525K [0x00000000a0000000, 0x00000000ad200000, 0x00000000e0000000)
  object space 215040K, 52% used [0x00000000a0000000,0x00000000a6edd690,0x00000000ad200000)
 Metaspace       used 136179K, capacity 146045K, committed 146304K, reserved 1177600K
  class space    used 17054K, capacity 18799K, committed 18816K, reserved 1048576K
}

